<?xml version="1.0" encoding="UTF-8"?>
<!-- Generated by org.testng.reporters.JUnitXMLReporter -->
<testsuite ignored="0" hostname="LAPTOP-G7K9COLS" failures="0" tests="14" name="Default test" time="81.563" errors="0" timestamp="2024-07-01T14:48:08 NPT">
  <testcase classname="z_Bamboohr.RQTimeOFF" name="Past_date_req" time="7.106"/>
  <testcase classname="z_Bamboohr.RQTimeOFF" name="Timeoff" time="6.486"/>
  <testcase classname="z_Bamboohr.RQTimeOFF" name="edit_leave_req" time="6.78"/>
  <testcase classname="z_Bamboohr.RQTimeOFF" name="missing_mandatory_field" time="6.728"/>
  <testcase classname="z_Bamboohr.Report_module" name="Add_newreport" time="6.374"/>
  <testcase classname="z_Bamboohr.Report_module" name="Delete_Report" time="4.523"/>
  <testcase classname="z_Bamboohr.Report_module" name="missinginfo" time="2.252"/>
  <testcase classname="z_Bamboohr.Report_module" name="Contains_onlyreportname" time="4.891"/>
  <testcase classname="z_Bamboohr.Report_module" name="Create_newfolder" time="3.847"/>
  <testcase classname="z_Bamboohr.Hiring_module" name="Add_jobopening" time="6.847"/>
  <testcase classname="z_Bamboohr.Hiring_module" name="Fill_Mandatoryfield_Only" time="5.747"/>
  <testcase classname="z_Bamboohr.Hiring_module" name="No_Mandatory_info" time="5.818"/>
  <testcase classname="z_Bamboohr.Hiring_module" name="Check_uncheck_application_question" time="7.287"/>
  <testcase classname="z_Bamboohr.Hiring_module" name="Save_finishlater_missing_mandatoryfield" time="6.807"/>
</testsuite> <!-- Default test -->
